Started GET "/" for ::1 at 2020-01-13 14:38:59 -0500

PG::ConnectionBad - FATAL:  database "reddit_app_development" does not exist
:

Started GET "/" for ::1 at 2020-01-13 14:38:59 -0500

PG::ConnectionBad - FATAL:  database "reddit_app_development" does not exist
:

Started POST "/__better_errors/2628020e2166a0cc/variables" for ::1 at 2020-01-13 14:38:59 -0500
  [1m[35m (4314.0ms)[0m  [1m[35mCREATE DATABASE "reddit_app_development" ENCODING = 'unicode'[0m
  ↳ bin/rails:9
  [1m[35m (2524.9ms)[0m  [1m[35mCREATE DATABASE "reddit_app_test" ENCODING = 'unicode'[0m
  ↳ bin/rails:9
Started GET "/" for ::1 at 2020-01-13 14:39:33 -0500
Processing by Rails::WelcomeController#index as HTML
  Rendering /home/neevgranite/.rbenv/versions/2.5.1/lib/ruby/gems/2.5.0/gems/railties-5.2.4.1/lib/rails/templates/rails/welcome/index.html.erb
  Rendered /home/neevgranite/.rbenv/versions/2.5.1/lib/ruby/gems/2.5.0/gems/railties-5.2.4.1/lib/rails/templates/rails/welcome/index.html.erb (15.0ms)
Completed 200 OK in 85ms (Views: 56.7ms | ActiveRecord: 0.0ms)


  [1m[35m (28.8ms)[0m  [1m[35mCREATE TABLE "schema_migrations" ("version" character varying NOT NULL PRIMARY KEY)[0m
  ↳ bin/rails:9
  [1m[35m (10.3ms)[0m  [1m[35mCREATE TABLE "ar_internal_metadata" ("key" character varying NOT NULL PRIMARY KEY, "value" character varying, "created_at" timestamp NOT NULL, "updated_at" timestamp NOT NULL)[0m
  ↳ bin/rails:9
  [1m[35m (1.0ms)[0m  [1m[34mSELECT pg_try_advisory_lock(3324484780821388905)[0m
  ↳ bin/rails:9
  [1m[35m (7.9ms)[0m  [1m[34mSELECT "schema_migrations"."version" FROM "schema_migrations" ORDER BY "schema_migrations"."version" ASC[0m
  ↳ bin/rails:9
Migrating to CreateUsers (20200113194056)
  [1m[35m (0.2ms)[0m  [1m[35mBEGIN[0m
  ↳ bin/rails:9
  [1m[35m (15.6ms)[0m  [1m[35mCREATE TABLE "users" ("id" bigserial primary key, "username" character varying NOT NULL, "session_token" character varying NOT NULL, "password_digest" character varying NOT NULL, "created_at" timestamp NOT NULL, "updated_at" timestamp NOT NULL)[0m
  ↳ db/migrate/20200113194056_create_users.rb:3
  [1m[35m (4.0ms)[0m  [1m[35mCREATE  INDEX  "index_users_on_session_token" ON "users"  ("session_token")[0m
  ↳ db/migrate/20200113194056_create_users.rb:10
  [1m[36mActiveRecord::SchemaMigration Create (1.7ms)[0m  [1m[32mINSERT INTO "schema_migrations" ("version") VALUES ($1) RETURNING "version"[0m  [["version", "20200113194056"]]
  ↳ bin/rails:9
  [1m[35m (2.1ms)[0m  [1m[35mCOMMIT[0m
  ↳ bin/rails:9
  [1m[36mActiveRecord::InternalMetadata Load (11.1ms)[0m  [1m[34mSELECT  "ar_internal_metadata".* FROM "ar_internal_metadata" WHERE "ar_internal_metadata"."key" = $1 LIMIT $2[0m  [["key", "environment"], ["LIMIT", 1]]
  ↳ bin/rails:9
  [1m[35m (0.2ms)[0m  [1m[35mBEGIN[0m
  ↳ bin/rails:9
  [1m[36mActiveRecord::InternalMetadata Create (1.3ms)[0m  [1m[32mINSERT INTO "ar_internal_metadata" ("key", "value", "created_at", "updated_at") VALUES ($1, $2, $3, $4) RETURNING "key"[0m  [["key", "environment"], ["value", "development"], ["created_at", "2020-01-13 19:43:27.336766"], ["updated_at", "2020-01-13 19:43:27.336766"]]
  ↳ bin/rails:9
  [1m[35m (2.0ms)[0m  [1m[35mCOMMIT[0m
  ↳ bin/rails:9
  [1m[35m (0.5ms)[0m  [1m[34mSELECT pg_advisory_unlock(3324484780821388905)[0m
  ↳ bin/rails:9
  [1m[35m (0.5ms)[0m  [1m[34mSELECT "schema_migrations"."version" FROM "schema_migrations" ORDER BY "schema_migrations"."version" ASC[0m
  ↳ bin/rails:9
Started GET "/" for 127.0.0.1 at 2020-01-13 15:11:34 -0500
  [1m[35m (16.4ms)[0m  [1m[34mSELECT "schema_migrations"."version" FROM "schema_migrations" ORDER BY "schema_migrations"."version" ASC[0m
  ↳ /home/neevgranite/.rbenv/versions/2.5.1/lib/ruby/gems/2.5.0/gems/activerecord-5.2.4.1/lib/active_record/log_subscriber.rb:98
Processing by Rails::WelcomeController#index as HTML
  Rendering /home/neevgranite/.rbenv/versions/2.5.1/lib/ruby/gems/2.5.0/gems/railties-5.2.4.1/lib/rails/templates/rails/welcome/index.html.erb
  Rendered /home/neevgranite/.rbenv/versions/2.5.1/lib/ruby/gems/2.5.0/gems/railties-5.2.4.1/lib/rails/templates/rails/welcome/index.html.erb (4.1ms)
Completed 200 OK in 11ms (Views: 8.3ms | ActiveRecord: 0.0ms)


Started GET "/" for ::1 at 2020-01-13 15:11:36 -0500
Processing by Rails::WelcomeController#index as HTML
  Rendering /home/neevgranite/.rbenv/versions/2.5.1/lib/ruby/gems/2.5.0/gems/railties-5.2.4.1/lib/rails/templates/rails/welcome/index.html.erb
  Rendered /home/neevgranite/.rbenv/versions/2.5.1/lib/ruby/gems/2.5.0/gems/railties-5.2.4.1/lib/rails/templates/rails/welcome/index.html.erb (3.1ms)
Completed 200 OK in 10ms (Views: 7.6ms | ActiveRecord: 0.0ms)


Started GET "/users/new" for 127.0.0.1 at 2020-01-13 15:11:41 -0500
Processing by UsersController#new as HTML
  Rendering users/new.html.erb within layouts/application
  Rendered users/new.html.erb within layouts/application (0.4ms)
Started GET "/users/new" for ::1 at 2020-01-13 15:11:43 -0500
Processing by UsersController#new as HTML
  Rendering users/new.html.erb within layouts/application
  Rendered users/new.html.erb within layouts/application (0.6ms)
Completed 200 OK in 4524ms (Views: 4467.6ms | ActiveRecord: 39.1ms)


Completed 200 OK in 3249ms (Views: 3247.3ms | ActiveRecord: 0.0ms)


Started GET "/users/new" for ::1 at 2020-01-13 15:15:58 -0500
Processing by UsersController#new as HTML
  Rendering users/new.html.erb within layouts/application
  Rendered users/new.html.erb within layouts/application (0.7ms)
Completed 200 OK in 47ms (Views: 46.0ms | ActiveRecord: 0.0ms)


Started GET "/users/new" for 127.0.0.1 at 2020-01-13 15:16:03 -0500
Processing by UsersController#new as HTML
  Rendering users/new.html.erb within layouts/application
  Rendered users/new.html.erb within layouts/application (0.7ms)
Completed 200 OK in 40ms (Views: 39.6ms | ActiveRecord: 0.0ms)


Started POST "/users" for 127.0.0.1 at 2020-01-13 15:16:06 -0500
Processing by UsersController#create as HTML
  Parameters: {"authenticity_token"=>"Z4vzeM9hCvzyNaRlk/vAVWWMSAdknBJsUf59iwwi3V7rFhAGbNUwAPhmcFns40iMma2olYXKSjyxAvfpdKBNkg==", "user"=>{"username"=>"", "password"=>"[FILTERED]"}}
  [1m[35m (0.2ms)[0m  [1m[35mBEGIN[0m
  ↳ app/controllers/users_controller.rb:12
  [1m[36mUser Exists (18.4ms)[0m  [1m[34mSELECT  1 AS one FROM "users" WHERE "users"."username" = $1 LIMIT $2[0m  [["username", ""], ["LIMIT", 1]]
  ↳ app/controllers/users_controller.rb:12
  [1m[35m (0.3ms)[0m  [1m[31mROLLBACK[0m
  ↳ app/controllers/users_controller.rb:12
  Rendering users/new.html.erb within layouts/application
  Rendered users/new.html.erb within layouts/application (1.6ms)
Completed 200 OK in 424ms (Views: 43.8ms | ActiveRecord: 18.9ms)


Started POST "/users" for ::1 at 2020-01-13 15:16:22 -0500
Processing by UsersController#create as HTML
  Parameters: {"authenticity_token"=>"vCAv7ifF9uscXAr+Ir/ub7DHtHkbd7dBQtfMPGgW6POxJU0GTkiIZinhNuQqWLI4pScGnKpHvw2QCR7BUKAVsQ==", "user"=>{"username"=>"neev", "password"=>"[FILTERED]"}}
  [1m[35m (0.2ms)[0m  [1m[35mBEGIN[0m
  ↳ app/controllers/users_controller.rb:12
  [1m[36mUser Exists (0.5ms)[0m  [1m[34mSELECT  1 AS one FROM "users" WHERE "users"."username" = $1 LIMIT $2[0m  [["username", "neev"], ["LIMIT", 1]]
  ↳ app/controllers/users_controller.rb:12
  [1m[36mUser Create (1.8ms)[0m  [1m[32mINSERT INTO "users" ("username", "session_token", "password_digest", "created_at", "updated_at") VALUES ($1, $2, $3, $4, $5) RETURNING "id"[0m  [["username", "neev"], ["session_token", "WNYMiu318-I8vfvPf7I2hA"], ["password_digest", "$2a$12$3Dhta/8JuopbC6zRK4OsyeGHXPWHNmZ9d6p3fARSX9VQsah.kxij."], ["created_at", "2020-01-13 20:16:23.200564"], ["updated_at", "2020-01-13 20:16:23.200564"]]
  ↳ app/controllers/users_controller.rb:12
  [1m[35m (10.5ms)[0m  [1m[35mCOMMIT[0m
  ↳ app/controllers/users_controller.rb:12
  [1m[35m (0.2ms)[0m  [1m[35mBEGIN[0m
  ↳ app/models/user.rb:28
  [1m[36mUser Exists (1.2ms)[0m  [1m[34mSELECT  1 AS one FROM "users" WHERE "users"."username" = $1 AND "users"."id" != $2 LIMIT $3[0m  [["username", "neev"], ["id", 1], ["LIMIT", 1]]
  ↳ app/models/user.rb:28
  [1m[36mUser Update (2.6ms)[0m  [1m[33mUPDATE "users" SET "session_token" = $1, "updated_at" = $2 WHERE "users"."id" = $3[0m  [["session_token", "q551qIpfixkEZTDfmjM7Zw"], ["updated_at", "2020-01-13 20:16:23.223708"], ["id", 1]]
  ↳ app/models/user.rb:28
  [1m[35m (2.0ms)[0m  [1m[35mCOMMIT[0m
  ↳ app/models/user.rb:28
Redirected to http://localhost:3000/users
Completed 302 Found in 265ms (ActiveRecord: 19.0ms)


Started GET "/users" for ::1 at 2020-01-13 15:16:23 -0500
Processing by UsersController#index as HTML
  [1m[36mUser Load (1.0ms)[0m  [1m[34mSELECT  "users".* FROM "users" WHERE "users"."session_token" = $1 LIMIT $2[0m  [["session_token", "q551qIpfixkEZTDfmjM7Zw"], ["LIMIT", 1]]
  ↳ app/controllers/application_controller.rb:5
  Rendering users/index.html.erb within layouts/application
  Rendered users/index.html.erb within layouts/application (0.4ms)
Completed 200 OK in 69ms (Views: 55.5ms | ActiveRecord: 1.3ms)


Started GET "/users" for ::1 at 2020-01-13 15:22:59 -0500
Processing by UsersController#index as HTML
  [1m[36mUser Load (26.1ms)[0m  [1m[34mSELECT  "users".* FROM "users" WHERE "users"."session_token" = $1 LIMIT $2[0m  [["session_token", "q551qIpfixkEZTDfmjM7Zw"], ["LIMIT", 1]]
  ↳ app/controllers/application_controller.rb:5
  Rendering users/index.html.erb within layouts/application
  [1m[36mUser Load (0.5ms)[0m  [1m[34mSELECT "users".* FROM "users"[0m
  ↳ app/views/users/index.html.erb:4
  Rendered users/index.html.erb within layouts/application (3.4ms)
Completed 200 OK in 107ms (Views: 74.1ms | ActiveRecord: 27.1ms)


Started GET "/users/1" for ::1 at 2020-01-13 15:23:03 -0500
Processing by UsersController#show as HTML
  Parameters: {"id"=>"1"}
  [1m[36mUser Load (0.5ms)[0m  [1m[34mSELECT  "users".* FROM "users" WHERE "users"."session_token" = $1 LIMIT $2[0m  [["session_token", "q551qIpfixkEZTDfmjM7Zw"], ["LIMIT", 1]]
  ↳ app/controllers/application_controller.rb:5
  [1m[36mUser Load (0.3ms)[0m  [1m[34mSELECT  "users".* FROM "users" WHERE "users"."id" = $1 LIMIT $2[0m  [["id", 1], ["LIMIT", 1]]
  ↳ app/controllers/users_controller.rb:22
  Rendering users/show.html.erb within layouts/application
  Rendered users/show.html.erb within layouts/application (0.4ms)
Completed 200 OK in 69ms (Views: 61.6ms | ActiveRecord: 0.9ms)


Started GET "/users/1" for ::1 at 2020-01-13 15:24:16 -0500
Processing by UsersController#show as HTML
  Parameters: {"id"=>"1"}
  [1m[36mUser Load (0.5ms)[0m  [1m[34mSELECT  "users".* FROM "users" WHERE "users"."session_token" = $1 LIMIT $2[0m  [["session_token", "q551qIpfixkEZTDfmjM7Zw"], ["LIMIT", 1]]
  ↳ app/controllers/application_controller.rb:5
  [1m[36mUser Load (0.4ms)[0m  [1m[34mSELECT  "users".* FROM "users" WHERE "users"."id" = $1 LIMIT $2[0m  [["id", 1], ["LIMIT", 1]]
  ↳ app/controllers/users_controller.rb:22
  Rendering users/show.html.erb within layouts/application
  Rendered users/show.html.erb within layouts/application (0.5ms)
Completed 200 OK in 58ms (Views: 51.8ms | ActiveRecord: 0.9ms)


Started GET "/users" for 127.0.0.1 at 2020-01-13 15:26:12 -0500
Processing by UsersController#index as HTML
Redirected to http://localhost:3000/session/new
Filter chain halted as :ensure_logged_in! rendered or redirected
Completed 302 Found in 2ms (ActiveRecord: 0.0ms)


Started GET "/session/new" for 127.0.0.1 at 2020-01-13 15:26:12 -0500
Processing by SessionsController#new as HTML
  Rendering sessions/new.html.erb within layouts/application
  Rendered sessions/new.html.erb within layouts/application (0.9ms)
Completed 200 OK in 48ms (Views: 46.2ms | ActiveRecord: 0.0ms)


Started GET "/users" for 127.0.0.1 at 2020-01-13 15:26:12 -0500
Processing by UsersController#index as HTML
Redirected to http://localhost:3000/session/new
Filter chain halted as :ensure_logged_in! rendered or redirected
Completed 302 Found in 2ms (ActiveRecord: 0.0ms)


Started GET "/users" for 127.0.0.1 at 2020-01-13 15:26:12 -0500
Processing by UsersController#index as HTML
Redirected to http://localhost:3000/session/new
Filter chain halted as :ensure_logged_in! rendered or redirected
Completed 302 Found in 2ms (ActiveRecord: 0.0ms)


Started GET "/users" for 127.0.0.1 at 2020-01-13 15:26:13 -0500
Processing by UsersController#index as HTML
Redirected to http://localhost:3000/session/new
Filter chain halted as :ensure_logged_in! rendered or redirected
Completed 302 Found in 2ms (ActiveRecord: 0.0ms)


Started GET "/session/new" for 127.0.0.1 at 2020-01-13 15:26:13 -0500
Processing by SessionsController#new as HTML
  Rendering sessions/new.html.erb within layouts/application
  Rendered sessions/new.html.erb within layouts/application (1.1ms)
Completed 200 OK in 51ms (Views: 50.6ms | ActiveRecord: 0.0ms)


Started POST "/session" for 127.0.0.1 at 2020-01-13 15:26:17 -0500
Processing by SessionsController#create as HTML
  Parameters: {"authenticity_token"=>"mF7S6I2JUZX3MrtxADxs03SPxHRHFBioubgd+T5TmbEUwzGWLj1raf1hb01/JOQKiK4k5qZCQPhZRJebRtEJfQ==", "user"=>{"username"=>"Tommyq", "password"=>"[FILTERED]"}}
  [1m[36mUser Load (0.3ms)[0m  [1m[34mSELECT  "users".* FROM "users" WHERE "users"."username" = $1 LIMIT $2[0m  [["username", "Tommyq"], ["LIMIT", 1]]
  ↳ app/models/user.rb:21
Completed 500 Internal Server Error in 7ms (ActiveRecord: 0.3ms)



NoMethodError - undefined method `save' for nil:NilClass:
  app/controllers/sessions_controller.rb:14:in `create'

Started POST "/__better_errors/8903d57fa758208c/variables" for 127.0.0.1 at 2020-01-13 15:26:18 -0500
Started POST "/session" for 127.0.0.1 at 2020-01-13 15:26:23 -0500
Processing by SessionsController#create as HTML
  Parameters: {"authenticity_token"=>"mF7S6I2JUZX3MrtxADxs03SPxHRHFBioubgd+T5TmbEUwzGWLj1raf1hb01/JOQKiK4k5qZCQPhZRJebRtEJfQ==", "user"=>{"username"=>"Tommyqas", "password"=>"[FILTERED]"}}
  [1m[36mUser Load (0.5ms)[0m  [1m[34mSELECT  "users".* FROM "users" WHERE "users"."username" = $1 LIMIT $2[0m  [["username", "Tommyqas"], ["LIMIT", 1]]
  ↳ app/models/user.rb:21
Completed 500 Internal Server Error in 6ms (ActiveRecord: 0.5ms)



NoMethodError - undefined method `save' for nil:NilClass:
  app/controllers/sessions_controller.rb:14:in `create'

Started POST "/__better_errors/88065d4ed159086a/variables" for 127.0.0.1 at 2020-01-13 15:26:23 -0500
Started GET "/users/" for ::1 at 2020-01-13 15:26:24 -0500
Processing by UsersController#index as HTML
  [1m[36mUser Load (0.4ms)[0m  [1m[34mSELECT  "users".* FROM "users" WHERE "users"."session_token" = $1 LIMIT $2[0m  [["session_token", "q551qIpfixkEZTDfmjM7Zw"], ["LIMIT", 1]]
  ↳ app/controllers/application_controller.rb:5
  Rendering users/index.html.erb within layouts/application
  [1m[36mUser Load (0.6ms)[0m  [1m[34mSELECT "users".* FROM "users"[0m
  ↳ app/views/users/index.html.erb:4
  Rendered users/index.html.erb within layouts/application (3.4ms)
Completed 200 OK in 55ms (Views: 50.8ms | ActiveRecord: 1.0ms)


Started GET "/session/new" for ::1 at 2020-01-13 15:26:30 -0500
Processing by SessionsController#new as HTML
  Rendering sessions/new.html.erb within layouts/application
  Rendered sessions/new.html.erb within layouts/application (0.8ms)
Completed 200 OK in 68ms (Views: 66.6ms | ActiveRecord: 0.0ms)


Started POST "/session" for 127.0.0.1 at 2020-01-13 15:26:35 -0500
Processing by SessionsController#create as HTML
  Parameters: {"authenticity_token"=>"mF7S6I2JUZX3MrtxADxs03SPxHRHFBioubgd+T5TmbEUwzGWLj1raf1hb01/JOQKiK4k5qZCQPhZRJebRtEJfQ==", "user"=>{"username"=>"Tommyqas", "password"=>"[FILTERED]"}}
  [1m[36mUser Load (0.4ms)[0m  [1m[34mSELECT  "users".* FROM "users" WHERE "users"."username" = $1 LIMIT $2[0m  [["username", "Tommyqas"], ["LIMIT", 1]]
  ↳ app/models/user.rb:21
Completed 500 Internal Server Error in 5ms (ActiveRecord: 0.4ms)



NoMethodError - undefined method `save' for nil:NilClass:
  app/controllers/sessions_controller.rb:14:in `create'

Started POST "/__better_errors/0b0f38459ae1264d/variables" for 127.0.0.1 at 2020-01-13 15:26:35 -0500
Started POST "/session" for ::1 at 2020-01-13 15:26:47 -0500
Processing by SessionsController#create as HTML
  Parameters: {"authenticity_token"=>"lvgEfAzxqNjxuHyM0suymke4TXl9qBbA83Qy2oW4w+ub/WaUZXzWVcQFQJbaLO7NUlj/nMyYHowhquAnvQ4+qQ==", "user"=>{"username"=>"neev", "password"=>"[FILTERED]"}}
  [1m[36mUser Load (0.8ms)[0m  [1m[34mSELECT  "users".* FROM "users" WHERE "users"."username" = $1 LIMIT $2[0m  [["username", "neev"], ["LIMIT", 1]]
  ↳ app/models/user.rb:21
  [1m[35m (0.3ms)[0m  [1m[35mBEGIN[0m
  ↳ app/controllers/sessions_controller.rb:14
  [1m[36mUser Exists (0.7ms)[0m  [1m[34mSELECT  1 AS one FROM "users" WHERE "users"."username" = $1 AND "users"."id" != $2 LIMIT $3[0m  [["username", "neev"], ["id", 1], ["LIMIT", 1]]
  ↳ app/controllers/sessions_controller.rb:14
  [1m[35m (0.2ms)[0m  [1m[35mCOMMIT[0m
  ↳ app/controllers/sessions_controller.rb:14
  [1m[35m (0.2ms)[0m  [1m[35mBEGIN[0m
  ↳ app/models/user.rb:28
  [1m[36mCACHE User Exists (0.0ms)[0m  [1m[34mSELECT  1 AS one FROM "users" WHERE "users"."username" = $1 AND "users"."id" != $2 LIMIT $3[0m  [["username", "neev"], ["id", 1], ["LIMIT", 1]]
  ↳ app/models/user.rb:28
  [1m[36mUser Update (0.8ms)[0m  [1m[33mUPDATE "users" SET "session_token" = $1, "updated_at" = $2 WHERE "users"."id" = $3[0m  [["session_token", "arpXK61XNVp1b01WmtIwnQ"], ["updated_at", "2020-01-13 20:26:47.486176"], ["id", 1]]
  ↳ app/models/user.rb:28
  [1m[35m (11.1ms)[0m  [1m[35mCOMMIT[0m
  ↳ app/models/user.rb:28
Redirected to http://localhost:3000/users/1
Completed 302 Found in 330ms (ActiveRecord: 14.0ms)


Started GET "/users/1" for ::1 at 2020-01-13 15:26:47 -0500
Processing by UsersController#show as HTML
  Parameters: {"id"=>"1"}
  [1m[36mUser Load (0.5ms)[0m  [1m[34mSELECT  "users".* FROM "users" WHERE "users"."session_token" = $1 LIMIT $2[0m  [["session_token", "arpXK61XNVp1b01WmtIwnQ"], ["LIMIT", 1]]
  ↳ app/controllers/application_controller.rb:5
  [1m[36mUser Load (0.4ms)[0m  [1m[34mSELECT  "users".* FROM "users" WHERE "users"."id" = $1 LIMIT $2[0m  [["id", 1], ["LIMIT", 1]]
  ↳ app/controllers/users_controller.rb:22
  Rendering users/show.html.erb within layouts/application
  Rendered users/show.html.erb within layouts/application (0.5ms)
Completed 200 OK in 63ms (Views: 56.0ms | ActiveRecord: 0.9ms)


Started POST "/session" for 127.0.0.1 at 2020-01-13 15:26:51 -0500
Processing by SessionsController#create as HTML
  Parameters: {"authenticity_token"=>"mF7S6I2JUZX3MrtxADxs03SPxHRHFBioubgd+T5TmbEUwzGWLj1raf1hb01/JOQKiK4k5qZCQPhZRJebRtEJfQ==", "user"=>{"username"=>"Tommyqas", "password"=>"[FILTERED]"}}
  [1m[36mUser Load (0.4ms)[0m  [1m[34mSELECT  "users".* FROM "users" WHERE "users"."username" = $1 LIMIT $2[0m  [["username", "Tommyqas"], ["LIMIT", 1]]
  ↳ app/models/user.rb:21
Completed 500 Internal Server Error in 5ms (ActiveRecord: 0.4ms)



NoMethodError - undefined method `save' for nil:NilClass:
  app/controllers/sessions_controller.rb:14:in `create'

Started POST "/__better_errors/dea649130db1c2ee/variables" for 127.0.0.1 at 2020-01-13 15:26:51 -0500
Started POST "/session" for ::1 at 2020-01-13 15:26:53 -0500
Processing by SessionsController#create as HTML
  Parameters: {"authenticity_token"=>"lvgEfAzxqNjxuHyM0suymke4TXl9qBbA83Qy2oW4w+ub/WaUZXzWVcQFQJbaLO7NUlj/nMyYHowhquAnvQ4+qQ==", "user"=>{"username"=>"nsdfsd", "password"=>"[FILTERED]"}}
  [1m[36mUser Load (0.5ms)[0m  [1m[34mSELECT  "users".* FROM "users" WHERE "users"."username" = $1 LIMIT $2[0m  [["username", "nsdfsd"], ["LIMIT", 1]]
  ↳ app/models/user.rb:21
Completed 500 Internal Server Error in 6ms (ActiveRecord: 0.5ms)



NoMethodError - undefined method `save' for nil:NilClass:
  app/controllers/sessions_controller.rb:14:in `create'

Started POST "/__better_errors/49f1a450af780cf4/variables" for ::1 at 2020-01-13 15:26:54 -0500
Started POST "/session" for ::1 at 2020-01-13 15:28:16 -0500
Processing by SessionsController#create as HTML
  Parameters: {"authenticity_token"=>"lvgEfAzxqNjxuHyM0suymke4TXl9qBbA83Qy2oW4w+ub/WaUZXzWVcQFQJbaLO7NUlj/nMyYHowhquAnvQ4+qQ==", "user"=>{"username"=>"nsdfsd", "password"=>"[FILTERED]"}}
  [1m[36mUser Load (0.2ms)[0m  [1m[34mSELECT  "users".* FROM "users" WHERE "users"."username" = $1 LIMIT $2[0m  [["username", "nsdfsd"], ["LIMIT", 1]]
  ↳ app/models/user.rb:21
  Rendering sessions/new.html.erb within layouts/application
  Rendered sessions/new.html.erb within layouts/application (0.9ms)
Completed 200 OK in 83ms (Views: 62.6ms | ActiveRecord: 8.2ms)


Started POST "/session" for 127.0.0.1 at 2020-01-13 15:28:19 -0500
Processing by SessionsController#create as HTML
  Parameters: {"authenticity_token"=>"mF7S6I2JUZX3MrtxADxs03SPxHRHFBioubgd+T5TmbEUwzGWLj1raf1hb01/JOQKiK4k5qZCQPhZRJebRtEJfQ==", "user"=>{"username"=>"Tommyqas", "password"=>"[FILTERED]"}}
  [1m[36mUser Load (0.3ms)[0m  [1m[34mSELECT  "users".* FROM "users" WHERE "users"."username" = $1 LIMIT $2[0m  [["username", "Tommyqas"], ["LIMIT", 1]]
  ↳ app/models/user.rb:21
  Rendering sessions/new.html.erb within layouts/application
  Rendered sessions/new.html.erb within layouts/application (0.7ms)
Completed 200 OK in 51ms (Views: 46.5ms | ActiveRecord: 0.3ms)


Started POST "/session" for ::1 at 2020-01-13 15:28:20 -0500
Processing by SessionsController#create as HTML
  Parameters: {"authenticity_token"=>"c4bC5J3ll+/utDNAHOsrwFH+VAFe8owW/UujiB9hhjx+g6AM9GjpYtsJD1oUDHeXRB7m5O/ChFovlXF1J9d7fg==", "user"=>{"username"=>"sdfs", "password"=>"[FILTERED]"}}
  [1m[36mUser Load (0.4ms)[0m  [1m[34mSELECT  "users".* FROM "users" WHERE "users"."username" = $1 LIMIT $2[0m  [["username", "sdfs"], ["LIMIT", 1]]
  ↳ app/models/user.rb:21
  Rendering sessions/new.html.erb within layouts/application
  Rendered sessions/new.html.erb within layouts/application (0.7ms)
Completed 200 OK in 53ms (Views: 49.3ms | ActiveRecord: 0.4ms)


Started POST "/session" for 127.0.0.1 at 2020-01-13 15:28:22 -0500
Processing by SessionsController#create as HTML
  Parameters: {"authenticity_token"=>"ez9k86alZ7kKVjM2PvR9tVA5zZ7wvDiWggIp/KDwt/T3ooeNBRFdRQAF5wpB7PVsrBgtDBHqYMZi/qOe2HInOA==", "user"=>{"username"=>"asdasdas", "password"=>"[FILTERED]"}}
  [1m[36mUser Load (0.3ms)[0m  [1m[34mSELECT  "users".* FROM "users" WHERE "users"."username" = $1 LIMIT $2[0m  [["username", "asdasdas"], ["LIMIT", 1]]
  ↳ app/models/user.rb:21
  Rendering sessions/new.html.erb within layouts/application
  Rendered sessions/new.html.erb within layouts/application (0.9ms)
Completed 200 OK in 61ms (Views: 57.9ms | ActiveRecord: 0.3ms)


Started POST "/session" for 127.0.0.1 at 2020-01-13 15:28:23 -0500
Processing by SessionsController#create as HTML
  Parameters: {"authenticity_token"=>"J9igtQ2gX+kNFAq+M+sR0X3RgjIcpPIWquko46hd5ROrRUPLrhRlFQdH3oJM85kIgfBioP3yqkZKFaKB0N913w==", "user"=>{"username"=>"", "password"=>"[FILTERED]"}}
  [1m[36mUser Load (0.3ms)[0m  [1m[34mSELECT  "users".* FROM "users" WHERE "users"."username" = $1 LIMIT $2[0m  [["username", ""], ["LIMIT", 1]]
  ↳ app/models/user.rb:21
  Rendering sessions/new.html.erb within layouts/application
  Rendered sessions/new.html.erb within layouts/application (1.2ms)
Completed 200 OK in 71ms (Views: 66.5ms | ActiveRecord: 0.3ms)


Started POST "/session" for 127.0.0.1 at 2020-01-13 15:28:24 -0500
Processing by SessionsController#create as HTML
  Parameters: {"authenticity_token"=>"8D7Z5QZgUViBJRYbshcmO9ubFqc+zqytlIFwms2jCVB8ozqbpdRrpIt2wifND67iJ7r2Nd+Y9P10ffr4tSGZnA==", "user"=>{"username"=>"", "password"=>"[FILTERED]"}}
  [1m[36mUser Load (0.3ms)[0m  [1m[34mSELECT  "users".* FROM "users" WHERE "users"."username" = $1 LIMIT $2[0m  [["username", ""], ["LIMIT", 1]]
  ↳ app/models/user.rb:21
  Rendering sessions/new.html.erb within layouts/application
  Rendered sessions/new.html.erb within layouts/application (0.7ms)
Completed 200 OK in 53ms (Views: 49.6ms | ActiveRecord: 0.3ms)


Started POST "/session" for 127.0.0.1 at 2020-01-13 15:28:28 -0500
Processing by SessionsController#create as HTML
  Parameters: {"authenticity_token"=>"spb5r5yNWgw2MgAQNk3ctyoL0NejjGKp+RNAOCkFNt8+CxrRPzlg8Dxh1CxJVVRu1iowRULaOvkZ78paUYemEw==", "user"=>{"username"=>"qdsadasd", "password"=>"[FILTERED]"}}
  [1m[36mUser Load (0.4ms)[0m  [1m[34mSELECT  "users".* FROM "users" WHERE "users"."username" = $1 LIMIT $2[0m  [["username", "qdsadasd"], ["LIMIT", 1]]
  ↳ app/models/user.rb:21
  Rendering sessions/new.html.erb within layouts/application
  Rendered sessions/new.html.erb within layouts/application (1.3ms)
Completed 200 OK in 53ms (Views: 49.2ms | ActiveRecord: 0.4ms)


Started POST "/session" for ::1 at 2020-01-13 15:28:29 -0500
Processing by SessionsController#create as HTML
  Parameters: {"authenticity_token"=>"PqJF9xQ+pKyTrz+B5FICJd/NbncaaZdWRYMnQPD+bskzpycffbPaIaYSA5vstV5yyi3ckqtZnxqXXfW9yEiTiw==", "user"=>{"username"=>"sdfs", "password"=>"[FILTERED]"}}
  [1m[36mUser Load (0.3ms)[0m  [1m[34mSELECT  "users".* FROM "users" WHERE "users"."username" = $1 LIMIT $2[0m  [["username", "sdfs"], ["LIMIT", 1]]
  ↳ app/models/user.rb:21
  Rendering sessions/new.html.erb within layouts/application
  Rendered sessions/new.html.erb within layouts/application (1.1ms)
Completed 200 OK in 61ms (Views: 57.1ms | ActiveRecord: 0.3ms)


Started GET "/session" for 127.0.0.1 at 2020-01-13 15:30:40 -0500
  
ActionController::RoutingError (No route matches [GET] "/session"):
  
actionpack (5.2.4.1) lib/action_dispatch/middleware/debug_exceptions.rb:65:in `call'
web-console (3.7.0) lib/web_console/middleware.rb:135:in `call_app'
web-console (3.7.0) lib/web_console/middleware.rb:30:in `block in call'
web-console (3.7.0) lib/web_console/middleware.rb:20:in `catch'
web-console (3.7.0) lib/web_console/middleware.rb:20:in `call'
actionpack (5.2.4.1) lib/action_dispatch/middleware/show_exceptions.rb:33:in `call'
railties (5.2.4.1) lib/rails/rack/logger.rb:38:in `call_app'
railties (5.2.4.1) lib/rails/rack/logger.rb:26:in `block in call'
activesupport (5.2.4.1) lib/active_support/tagged_logging.rb:71:in `block in tagged'
activesupport (5.2.4.1) lib/active_support/tagged_logging.rb:28:in `tagged'
activesupport (5.2.4.1) lib/active_support/tagged_logging.rb:71:in `tagged'
railties (5.2.4.1) lib/rails/rack/logger.rb:26:in `call'
sprockets-rails (3.2.1) lib/sprockets/rails/quiet_assets.rb:13:in `call'
actionpack (5.2.4.1) lib/action_dispatch/middleware/remote_ip.rb:81:in `call'
actionpack (5.2.4.1) lib/action_dispatch/middleware/request_id.rb:27:in `call'
rack (2.1.1) lib/rack/method_override.rb:24:in `call'
rack (2.1.1) lib/rack/runtime.rb:24:in `call'
activesupport (5.2.4.1) lib/active_support/cache/strategy/local_cache_middleware.rb:29:in `call'
actionpack (5.2.4.1) lib/action_dispatch/middleware/executor.rb:14:in `call'
actionpack (5.2.4.1) lib/action_dispatch/middleware/static.rb:127:in `call'
rack (2.1.1) lib/rack/sendfile.rb:113:in `call'
railties (5.2.4.1) lib/rails/engine.rb:524:in `call'
puma (3.12.2) lib/puma/configuration.rb:227:in `call'
puma (3.12.2) lib/puma/server.rb:674:in `handle_request'
puma (3.12.2) lib/puma/server.rb:476:in `process_client'
puma (3.12.2) lib/puma/server.rb:334:in `block in run'
puma (3.12.2) lib/puma/thread_pool.rb:135:in `block in spawn_thread'
Started GET "/session" for 127.0.0.1 at 2020-01-13 15:30:53 -0500
  
ActionController::RoutingError (No route matches [GET] "/session"):
  
actionpack (5.2.4.1) lib/action_dispatch/middleware/debug_exceptions.rb:65:in `call'
web-console (3.7.0) lib/web_console/middleware.rb:135:in `call_app'
web-console (3.7.0) lib/web_console/middleware.rb:30:in `block in call'
web-console (3.7.0) lib/web_console/middleware.rb:20:in `catch'
web-console (3.7.0) lib/web_console/middleware.rb:20:in `call'
actionpack (5.2.4.1) lib/action_dispatch/middleware/show_exceptions.rb:33:in `call'
railties (5.2.4.1) lib/rails/rack/logger.rb:38:in `call_app'
railties (5.2.4.1) lib/rails/rack/logger.rb:26:in `block in call'
activesupport (5.2.4.1) lib/active_support/tagged_logging.rb:71:in `block in tagged'
activesupport (5.2.4.1) lib/active_support/tagged_logging.rb:28:in `tagged'
activesupport (5.2.4.1) lib/active_support/tagged_logging.rb:71:in `tagged'
railties (5.2.4.1) lib/rails/rack/logger.rb:26:in `call'
sprockets-rails (3.2.1) lib/sprockets/rails/quiet_assets.rb:13:in `call'
actionpack (5.2.4.1) lib/action_dispatch/middleware/remote_ip.rb:81:in `call'
actionpack (5.2.4.1) lib/action_dispatch/middleware/request_id.rb:27:in `call'
rack (2.1.1) lib/rack/method_override.rb:24:in `call'
rack (2.1.1) lib/rack/runtime.rb:24:in `call'
activesupport (5.2.4.1) lib/active_support/cache/strategy/local_cache_middleware.rb:29:in `call'
actionpack (5.2.4.1) lib/action_dispatch/middleware/executor.rb:14:in `call'
actionpack (5.2.4.1) lib/action_dispatch/middleware/static.rb:127:in `call'
rack (2.1.1) lib/rack/sendfile.rb:113:in `call'
railties (5.2.4.1) lib/rails/engine.rb:524:in `call'
puma (3.12.2) lib/puma/configuration.rb:227:in `call'
puma (3.12.2) lib/puma/server.rb:674:in `handle_request'
puma (3.12.2) lib/puma/server.rb:476:in `process_client'
puma (3.12.2) lib/puma/server.rb:334:in `block in run'
puma (3.12.2) lib/puma/thread_pool.rb:135:in `block in spawn_thread'
Started GET "/session" for 127.0.0.1 at 2020-01-13 15:30:54 -0500
  
ActionController::RoutingError (No route matches [GET] "/session"):
  
actionpack (5.2.4.1) lib/action_dispatch/middleware/debug_exceptions.rb:65:in `call'
web-console (3.7.0) lib/web_console/middleware.rb:135:in `call_app'
web-console (3.7.0) lib/web_console/middleware.rb:30:in `block in call'
web-console (3.7.0) lib/web_console/middleware.rb:20:in `catch'
web-console (3.7.0) lib/web_console/middleware.rb:20:in `call'
actionpack (5.2.4.1) lib/action_dispatch/middleware/show_exceptions.rb:33:in `call'
railties (5.2.4.1) lib/rails/rack/logger.rb:38:in `call_app'
railties (5.2.4.1) lib/rails/rack/logger.rb:26:in `block in call'
activesupport (5.2.4.1) lib/active_support/tagged_logging.rb:71:in `block in tagged'
activesupport (5.2.4.1) lib/active_support/tagged_logging.rb:28:in `tagged'
activesupport (5.2.4.1) lib/active_support/tagged_logging.rb:71:in `tagged'
railties (5.2.4.1) lib/rails/rack/logger.rb:26:in `call'
sprockets-rails (3.2.1) lib/sprockets/rails/quiet_assets.rb:13:in `call'
actionpack (5.2.4.1) lib/action_dispatch/middleware/remote_ip.rb:81:in `call'
actionpack (5.2.4.1) lib/action_dispatch/middleware/request_id.rb:27:in `call'
rack (2.1.1) lib/rack/method_override.rb:24:in `call'
rack (2.1.1) lib/rack/runtime.rb:24:in `call'
activesupport (5.2.4.1) lib/active_support/cache/strategy/local_cache_middleware.rb:29:in `call'
actionpack (5.2.4.1) lib/action_dispatch/middleware/executor.rb:14:in `call'
actionpack (5.2.4.1) lib/action_dispatch/middleware/static.rb:127:in `call'
rack (2.1.1) lib/rack/sendfile.rb:113:in `call'
railties (5.2.4.1) lib/rails/engine.rb:524:in `call'
puma (3.12.2) lib/puma/configuration.rb:227:in `call'
puma (3.12.2) lib/puma/server.rb:674:in `handle_request'
puma (3.12.2) lib/puma/server.rb:476:in `process_client'
puma (3.12.2) lib/puma/server.rb:334:in `block in run'
puma (3.12.2) lib/puma/thread_pool.rb:135:in `block in spawn_thread'
Started GET "/session" for ::1 at 2020-01-13 15:30:58 -0500
  
ActionController::RoutingError (No route matches [GET] "/session"):
  
actionpack (5.2.4.1) lib/action_dispatch/middleware/debug_exceptions.rb:65:in `call'
web-console (3.7.0) lib/web_console/middleware.rb:135:in `call_app'
web-console (3.7.0) lib/web_console/middleware.rb:30:in `block in call'
web-console (3.7.0) lib/web_console/middleware.rb:20:in `catch'
web-console (3.7.0) lib/web_console/middleware.rb:20:in `call'
actionpack (5.2.4.1) lib/action_dispatch/middleware/show_exceptions.rb:33:in `call'
railties (5.2.4.1) lib/rails/rack/logger.rb:38:in `call_app'
railties (5.2.4.1) lib/rails/rack/logger.rb:26:in `block in call'
activesupport (5.2.4.1) lib/active_support/tagged_logging.rb:71:in `block in tagged'
activesupport (5.2.4.1) lib/active_support/tagged_logging.rb:28:in `tagged'
activesupport (5.2.4.1) lib/active_support/tagged_logging.rb:71:in `tagged'
railties (5.2.4.1) lib/rails/rack/logger.rb:26:in `call'
sprockets-rails (3.2.1) lib/sprockets/rails/quiet_assets.rb:13:in `call'
actionpack (5.2.4.1) lib/action_dispatch/middleware/remote_ip.rb:81:in `call'
actionpack (5.2.4.1) lib/action_dispatch/middleware/request_id.rb:27:in `call'
rack (2.1.1) lib/rack/method_override.rb:24:in `call'
rack (2.1.1) lib/rack/runtime.rb:24:in `call'
activesupport (5.2.4.1) lib/active_support/cache/strategy/local_cache_middleware.rb:29:in `call'
actionpack (5.2.4.1) lib/action_dispatch/middleware/executor.rb:14:in `call'
actionpack (5.2.4.1) lib/action_dispatch/middleware/static.rb:127:in `call'
rack (2.1.1) lib/rack/sendfile.rb:113:in `call'
railties (5.2.4.1) lib/rails/engine.rb:524:in `call'
puma (3.12.2) lib/puma/configuration.rb:227:in `call'
puma (3.12.2) lib/puma/server.rb:674:in `handle_request'
puma (3.12.2) lib/puma/server.rb:476:in `process_client'
puma (3.12.2) lib/puma/server.rb:334:in `block in run'
puma (3.12.2) lib/puma/thread_pool.rb:135:in `block in spawn_thread'
Started GET "/session/new" for 127.0.0.1 at 2020-01-13 15:31:06 -0500
Processing by SessionsController#new as HTML
  Rendering sessions/new.html.erb within layouts/application
  Rendered sessions/new.html.erb within layouts/application (0.8ms)
Completed 200 OK in 47ms (Views: 46.2ms | ActiveRecord: 0.0ms)


Started POST "/session" for 127.0.0.1 at 2020-01-13 15:31:10 -0500
Processing by SessionsController#create as HTML
  Parameters: {"authenticity_token"=>"sxC7aAb6Ge2w4FUXyBEJ46sCeyq2JnyJnYpT/4d6G7I/jVgWpU4jEbqzgSu3CYE6VyObuFdwJNl9dtmd//iLfg==", "user"=>{"username"=>"qwdasdas", "password"=>"[FILTERED]"}}
  [1m[36mUser Load (0.3ms)[0m  [1m[34mSELECT  "users".* FROM "users" WHERE "users"."username" = $1 LIMIT $2[0m  [["username", "qwdasdas"], ["LIMIT", 1]]
  ↳ app/models/user.rb:21
  Rendering sessions/new.html.erb within layouts/application
  Rendered sessions/new.html.erb within layouts/application (1.1ms)
Completed 200 OK in 57ms (Views: 53.4ms | ActiveRecord: 0.3ms)


Started GET "/session" for ::1 at 2020-01-13 15:31:14 -0500
  
ActionController::RoutingError (No route matches [GET] "/session"):
  
actionpack (5.2.4.1) lib/action_dispatch/middleware/debug_exceptions.rb:65:in `call'
web-console (3.7.0) lib/web_console/middleware.rb:135:in `call_app'
web-console (3.7.0) lib/web_console/middleware.rb:30:in `block in call'
web-console (3.7.0) lib/web_console/middleware.rb:20:in `catch'
web-console (3.7.0) lib/web_console/middleware.rb:20:in `call'
actionpack (5.2.4.1) lib/action_dispatch/middleware/show_exceptions.rb:33:in `call'
railties (5.2.4.1) lib/rails/rack/logger.rb:38:in `call_app'
railties (5.2.4.1) lib/rails/rack/logger.rb:26:in `block in call'
activesupport (5.2.4.1) lib/active_support/tagged_logging.rb:71:in `block in tagged'
activesupport (5.2.4.1) lib/active_support/tagged_logging.rb:28:in `tagged'
activesupport (5.2.4.1) lib/active_support/tagged_logging.rb:71:in `tagged'
railties (5.2.4.1) lib/rails/rack/logger.rb:26:in `call'
sprockets-rails (3.2.1) lib/sprockets/rails/quiet_assets.rb:13:in `call'
actionpack (5.2.4.1) lib/action_dispatch/middleware/remote_ip.rb:81:in `call'
actionpack (5.2.4.1) lib/action_dispatch/middleware/request_id.rb:27:in `call'
rack (2.1.1) lib/rack/method_override.rb:24:in `call'
rack (2.1.1) lib/rack/runtime.rb:24:in `call'
activesupport (5.2.4.1) lib/active_support/cache/strategy/local_cache_middleware.rb:29:in `call'
actionpack (5.2.4.1) lib/action_dispatch/middleware/executor.rb:14:in `call'
actionpack (5.2.4.1) lib/action_dispatch/middleware/static.rb:127:in `call'
rack (2.1.1) lib/rack/sendfile.rb:113:in `call'
railties (5.2.4.1) lib/rails/engine.rb:524:in `call'
puma (3.12.2) lib/puma/configuration.rb:227:in `call'
puma (3.12.2) lib/puma/server.rb:674:in `handle_request'
puma (3.12.2) lib/puma/server.rb:476:in `process_client'
puma (3.12.2) lib/puma/server.rb:334:in `block in run'
puma (3.12.2) lib/puma/thread_pool.rb:135:in `block in spawn_thread'
Started GET "/session/new" for ::1 at 2020-01-13 15:31:17 -0500
Processing by SessionsController#new as HTML
  Rendering sessions/new.html.erb within layouts/application
  Rendered sessions/new.html.erb within layouts/application (0.6ms)
Completed 200 OK in 63ms (Views: 61.8ms | ActiveRecord: 0.0ms)


Started POST "/session" for 127.0.0.1 at 2020-01-13 15:31:19 -0500
Processing by SessionsController#create as HTML
  Parameters: {"authenticity_token"=>"LHh+ErQv0iNSqEECYSKZO23vFAzbcFbW18wF62ZrwZKg5Z1sF5vo31j7lT4eOhHikc70njomDoY3MI+JHulRXg==", "user"=>{"username"=>"qwdqdw", "password"=>"[FILTERED]"}}
  [1m[36mUser Load (0.5ms)[0m  [1m[34mSELECT  "users".* FROM "users" WHERE "users"."username" = $1 LIMIT $2[0m  [["username", "qwdqdw"], ["LIMIT", 1]]
  ↳ app/models/user.rb:21
  Rendering sessions/new.html.erb within layouts/application
  Rendered sessions/new.html.erb within layouts/application (0.8ms)
Completed 200 OK in 70ms (Views: 64.7ms | ActiveRecord: 0.5ms)


Started POST "/session" for ::1 at 2020-01-13 15:31:21 -0500
Processing by SessionsController#create as HTML
  Parameters: {"authenticity_token"=>"zOcmVvR6cjc5md3d9vrWsWfEbbWP0igUUkUwPSCkvv3B4kS+nfcMugwk4cf+HYrmciTfUD7iIFiAm+LAGBJDvw==", "user"=>{"username"=>"asdas", "password"=>"[FILTERED]"}}
  [1m[36mUser Load (0.3ms)[0m  [1m[34mSELECT  "users".* FROM "users" WHERE "users"."username" = $1 LIMIT $2[0m  [["username", "asdas"], ["LIMIT", 1]]
  ↳ app/models/user.rb:21
  Rendering sessions/new.html.erb within layouts/application
  Rendered sessions/new.html.erb within layouts/application (0.9ms)
Completed 200 OK in 56ms (Views: 52.1ms | ActiveRecord: 0.3ms)


Started POST "/session" for ::1 at 2020-01-13 15:31:24 -0500
Processing by SessionsController#create as HTML
  Parameters: {"authenticity_token"=>"4eVJbeyAFaexWeFWkqM3D7J7RLjyvHpLhCJwLwyHKurs4CuFhQ1rKoTk3UyaRGtYp5v2XUOMcgdW/KLSNDHXqA==", "user"=>{"username"=>"asdada", "password"=>"[FILTERED]"}}
  [1m[36mUser Load (0.3ms)[0m  [1m[34mSELECT  "users".* FROM "users" WHERE "users"."username" = $1 LIMIT $2[0m  [["username", "asdada"], ["LIMIT", 1]]
  ↳ app/models/user.rb:21
  Rendering sessions/new.html.erb within layouts/application
  Rendered sessions/new.html.erb within layouts/application (0.6ms)
Completed 200 OK in 46ms (Views: 42.5ms | ActiveRecord: 0.3ms)


Started POST "/session" for ::1 at 2020-01-13 15:31:25 -0500
Processing by SessionsController#create as HTML
  Parameters: {"authenticity_token"=>"V0QGF1FpfTzgQqguZ6KJKzZemDjwam3kamha4U5VGLZaQWT/OOQDsdX/lDRvRdV8I74q3UFaZai4togcduPl9A==", "user"=>{"username"=>"", "password"=>"[FILTERED]"}}
  [1m[36mUser Load (0.2ms)[0m  [1m[34mSELECT  "users".* FROM "users" WHERE "users"."username" = $1 LIMIT $2[0m  [["username", ""], ["LIMIT", 1]]
  ↳ app/models/user.rb:21
  Rendering sessions/new.html.erb within layouts/application
  Rendered sessions/new.html.erb within layouts/application (0.6ms)
Completed 200 OK in 42ms (Views: 39.4ms | ActiveRecord: 0.2ms)


Started POST "/session" for ::1 at 2020-01-13 15:31:26 -0500
Processing by SessionsController#create as HTML
  Parameters: {"authenticity_token"=>"tX4gDLYO6ywXQHno2RXc2obwTSR5kQgjBOB27eo9vdW4e0Lk34OVoSL9RfLR8oCNkxD/wcihAG/WPqQQ0otAlw==", "user"=>{"username"=>"", "password"=>"[FILTERED]"}}
  [1m[36mUser Load (0.3ms)[0m  [1m[34mSELECT  "users".* FROM "users" WHERE "users"."username" = $1 LIMIT $2[0m  [["username", ""], ["LIMIT", 1]]
  ↳ app/models/user.rb:21
  Rendering sessions/new.html.erb within layouts/application
  Rendered sessions/new.html.erb within layouts/application (1.0ms)
Completed 200 OK in 56ms (Views: 51.9ms | ActiveRecord: 0.3ms)


Started POST "/session" for ::1 at 2020-01-13 15:31:26 -0500
Processing by SessionsController#create as HTML
  Parameters: {"authenticity_token"=>"2+y049TRKBpxA6/2nxTef58i9DTqImt/WpV00322XYXW6dYLvVxWl0S+k+yX84IoisJG0VsSYzOIS6YuRQCgxw==", "user"=>{"username"=>"", "password"=>"[FILTERED]"}}
  [1m[36mUser Load (0.3ms)[0m  [1m[34mSELECT  "users".* FROM "users" WHERE "users"."username" = $1 LIMIT $2[0m  [["username", ""], ["LIMIT", 1]]
  ↳ app/models/user.rb:21
  Rendering sessions/new.html.erb within layouts/application
  Rendered sessions/new.html.erb within layouts/application (0.8ms)
Started GET "/users/new" for 127.0.0.1 at 2020-01-13 15:31:26 -0500
Completed 200 OK in 58ms (Views: 53.3ms | ActiveRecord: 0.3ms)


Processing by UsersController#new as HTML
  Rendering users/new.html.erb within layouts/application
  Rendered users/new.html.erb within layouts/application (1.1ms)
Completed 200 OK in 89ms (Views: 66.1ms | ActiveRecord: 11.3ms)


Started POST "/session" for ::1 at 2020-01-13 15:31:27 -0500
Processing by SessionsController#create as HTML
  Parameters: {"authenticity_token"=>"MKSeTJI4MzTaOwWsDSNi62+DCNSXq2EpodO1DGn+iSM9ofyk+7VNue+GObYFxD68emO6MSabaWVzDWfxUUh0YQ==", "user"=>{"username"=>"", "password"=>"[FILTERED]"}}
  [1m[36mUser Load (23.5ms)[0m  [1m[34mSELECT  "users".* FROM "users" WHERE "users"."username" = $1 LIMIT $2[0m  [["username", ""], ["LIMIT", 1]]
  ↳ app/models/user.rb:21
  Rendering sessions/new.html.erb within layouts/application
  Rendered sessions/new.html.erb within layouts/application (0.8ms)
Completed 200 OK in 75ms (Views: 46.4ms | ActiveRecord: 23.7ms)


Started POST "/session" for ::1 at 2020-01-13 15:31:28 -0500
Processing by SessionsController#create as HTML
  Parameters: {"authenticity_token"=>"FTp0UEws3uEYJXsyP/R34o9M4j1xnAXa/ByqL/Sf9m0YPxa4JaGgbC2YRyg3Eyu1mqxQ2MCsDZYuwnjSzCkLLw==", "user"=>{"username"=>"", "password"=>"[FILTERED]"}}
  [1m[36mUser Load (0.4ms)[0m  [1m[34mSELECT  "users".* FROM "users" WHERE "users"."username" = $1 LIMIT $2[0m  [["username", ""], ["LIMIT", 1]]
  ↳ app/models/user.rb:21
  Rendering sessions/new.html.erb within layouts/application
  Rendered sessions/new.html.erb within layouts/application (1.1ms)
Completed 200 OK in 53ms (Views: 49.8ms | ActiveRecord: 0.4ms)


Started POST "/session" for ::1 at 2020-01-13 15:31:29 -0500
Processing by SessionsController#create as HTML
  Parameters: {"authenticity_token"=>"o4P0pRAeuvw1Tw2tDPafNsmPfbsZQwSN2FyBOX74SvmuhpZNeZPEcQDyMbcEEcNh3G/PXqhzDMEKglPERk63uw==", "user"=>{"username"=>"", "password"=>"[FILTERED]"}}
  [1m[36mUser Load (0.4ms)[0m  [1m[34mSELECT  "users".* FROM "users" WHERE "users"."username" = $1 LIMIT $2[0m  [["username", ""], ["LIMIT", 1]]
  ↳ app/models/user.rb:21
  Rendering sessions/new.html.erb within layouts/application
  Rendered sessions/new.html.erb within layouts/application (0.8ms)
Completed 200 OK in 67ms (Views: 63.2ms | ActiveRecord: 0.4ms)


Started POST "/users" for 127.0.0.1 at 2020-01-13 15:31:33 -0500
Processing by UsersController#create as HTML
  Parameters: {"authenticity_token"=>"kBy2+xbdv3PIHuigcMN+eR6HbSJewgXL8fO5hW4fgZEcgVWFtWmFj8JNPJwP2/ag4qaNsL+UXZsRDzPnFp0RXQ==", "user"=>{"username"=>"NewLight", "password"=>"[FILTERED]"}}
  [1m[35m (0.2ms)[0m  [1m[35mBEGIN[0m
  ↳ app/controllers/users_controller.rb:12
  [1m[36mUser Exists (0.5ms)[0m  [1m[34mSELECT  1 AS one FROM "users" WHERE "users"."username" = $1 LIMIT $2[0m  [["username", "NewLight"], ["LIMIT", 1]]
  ↳ app/controllers/users_controller.rb:12
  [1m[36mUser Create (0.8ms)[0m  [1m[32mINSERT INTO "users" ("username", "session_token", "password_digest", "created_at", "updated_at") VALUES ($1, $2, $3, $4, $5) RETURNING "id"[0m  [["username", "NewLight"], ["session_token", "68qkVrFQj35TiqBMdX44fQ"], ["password_digest", "$2a$12$NAePgGF3H9VGdqyYH5Z9KeKbWqEzdRD105gp/l5nOMAh/Nb7jYYpa"], ["created_at", "2020-01-13 20:31:33.969352"], ["updated_at", "2020-01-13 20:31:33.969352"]]
  ↳ app/controllers/users_controller.rb:12
  [1m[35m (10.6ms)[0m  [1m[35mCOMMIT[0m
  ↳ app/controllers/users_controller.rb:12
  [1m[35m (0.2ms)[0m  [1m[35mBEGIN[0m
  ↳ app/models/user.rb:28
  [1m[36mUser Exists (0.5ms)[0m  [1m[34mSELECT  1 AS one FROM "users" WHERE "users"."username" = $1 AND "users"."id" != $2 LIMIT $3[0m  [["username", "NewLight"], ["id", 2], ["LIMIT", 1]]
  ↳ app/models/user.rb:28
  [1m[36mUser Update (0.6ms)[0m  [1m[33mUPDATE "users" SET "session_token" = $1, "updated_at" = $2 WHERE "users"."id" = $3[0m  [["session_token", "82jDx87PV3Lb_861p0CAYA"], ["updated_at", "2020-01-13 20:31:33.990910"], ["id", 2]]
  ↳ app/models/user.rb:28
  [1m[35m (1.7ms)[0m  [1m[35mCOMMIT[0m
  ↳ app/models/user.rb:28
Redirected to http://localhost:3000/users
Completed 302 Found in 386ms (ActiveRecord: 15.1ms)


Started GET "/users" for 127.0.0.1 at 2020-01-13 15:31:34 -0500
Processing by UsersController#index as HTML
  [1m[36mUser Load (0.3ms)[0m  [1m[34mSELECT  "users".* FROM "users" WHERE "users"."session_token" = $1 LIMIT $2[0m  [["session_token", "82jDx87PV3Lb_861p0CAYA"], ["LIMIT", 1]]
  ↳ app/controllers/application_controller.rb:5
  Rendering users/index.html.erb within layouts/application
  [1m[36mUser Load (0.5ms)[0m  [1m[34mSELECT "users".* FROM "users"[0m
  ↳ app/views/users/index.html.erb:4
  Rendered users/index.html.erb within layouts/application (3.1ms)
Completed 200 OK in 55ms (Views: 49.9ms | ActiveRecord: 0.8ms)


Started POST "/session" for ::1 at 2020-01-13 15:31:34 -0500
Processing by SessionsController#create as HTML
  Parameters: {"authenticity_token"=>"shh0ssry9f9Bf2hYhOb0Dy0sbdX3D+50rVyjHOzI07S/HRZao3+LcnTCVEKMAahYOMzfMEY/5jh/gnHh1H4u9g==", "user"=>{"username"=>"sdfsdf", "password"=>"[FILTERED]"}}
  [1m[36mUser Load (0.5ms)[0m  [1m[34mSELECT  "users".* FROM "users" WHERE "users"."username" = $1 LIMIT $2[0m  [["username", "sdfsdf"], ["LIMIT", 1]]
  ↳ app/models/user.rb:21
  Rendering sessions/new.html.erb within layouts/application
  Rendered sessions/new.html.erb within layouts/application (0.9ms)
Completed 200 OK in 56ms (Views: 51.8ms | ActiveRecord: 0.5ms)


Started GET "/users/2" for 127.0.0.1 at 2020-01-13 15:31:39 -0500
Processing by UsersController#show as HTML
  Parameters: {"id"=>"2"}
  [1m[36mUser Load (0.4ms)[0m  [1m[34mSELECT  "users".* FROM "users" WHERE "users"."session_token" = $1 LIMIT $2[0m  [["session_token", "82jDx87PV3Lb_861p0CAYA"], ["LIMIT", 1]]
  ↳ app/controllers/application_controller.rb:5
  [1m[36mUser Load (0.4ms)[0m  [1m[34mSELECT  "users".* FROM "users" WHERE "users"."id" = $1 LIMIT $2[0m  [["id", 2], ["LIMIT", 1]]
  ↳ app/controllers/users_controller.rb:22
  Rendering users/show.html.erb within layouts/application
  Rendered users/show.html.erb within layouts/application (0.7ms)
Completed 200 OK in 52ms (Views: 44.9ms | ActiveRecord: 0.8ms)


Started POST "/session" for ::1 at 2020-01-13 15:31:40 -0500
Processing by SessionsController#create as HTML
  Parameters: {"authenticity_token"=>"kpILw9bC6+g4Wy3LZWOMkYjqdaniMCMpyyRIbjYNw5efl2krv0+VZQ3mEdFthNDGnQrHTFMAK2UZ+pqTDrs+1Q==", "user"=>{"username"=>"neev", "password"=>"[FILTERED]"}}
  [1m[36mUser Load (0.4ms)[0m  [1m[34mSELECT  "users".* FROM "users" WHERE "users"."username" = $1 LIMIT $2[0m  [["username", "neev"], ["LIMIT", 1]]
  ↳ app/models/user.rb:21
  [1m[35m (0.2ms)[0m  [1m[35mBEGIN[0m
  ↳ app/models/user.rb:28
  [1m[36mUser Exists (0.5ms)[0m  [1m[34mSELECT  1 AS one FROM "users" WHERE "users"."username" = $1 AND "users"."id" != $2 LIMIT $3[0m  [["username", "neev"], ["id", 1], ["LIMIT", 1]]
  ↳ app/models/user.rb:28
  [1m[36mUser Update (0.6ms)[0m  [1m[33mUPDATE "users" SET "session_token" = $1, "updated_at" = $2 WHERE "users"."id" = $3[0m  [["session_token", "kIgou4QM3UHr1UJ5UDrQSg"], ["updated_at", "2020-01-13 20:31:40.597414"], ["id", 1]]
  ↳ app/models/user.rb:28
  [1m[35m (1.7ms)[0m  [1m[35mCOMMIT[0m
  ↳ app/models/user.rb:28
Redirected to http://localhost:3000/users/1
Completed 302 Found in 363ms (ActiveRecord: 3.3ms)


Started GET "/users/1" for ::1 at 2020-01-13 15:31:40 -0500
Processing by UsersController#show as HTML
  Parameters: {"id"=>"1"}
  [1m[36mUser Load (0.5ms)[0m  [1m[34mSELECT  "users".* FROM "users" WHERE "users"."session_token" = $1 LIMIT $2[0m  [["session_token", "kIgou4QM3UHr1UJ5UDrQSg"], ["LIMIT", 1]]
  ↳ app/controllers/application_controller.rb:5
  [1m[36mUser Load (0.4ms)[0m  [1m[34mSELECT  "users".* FROM "users" WHERE "users"."id" = $1 LIMIT $2[0m  [["id", 1], ["LIMIT", 1]]
  ↳ app/controllers/users_controller.rb:22
  Rendering users/show.html.erb within layouts/application
  Rendered users/show.html.erb within layouts/application (0.5ms)
Completed 200 OK in 55ms (Views: 48.5ms | ActiveRecord: 0.9ms)


Started GET "/users/1" for 127.0.0.1 at 2020-01-13 15:31:41 -0500
Processing by UsersController#show as HTML
  Parameters: {"id"=>"1"}
  [1m[36mUser Load (0.4ms)[0m  [1m[34mSELECT  "users".* FROM "users" WHERE "users"."session_token" = $1 LIMIT $2[0m  [["session_token", "82jDx87PV3Lb_861p0CAYA"], ["LIMIT", 1]]
  ↳ app/controllers/application_controller.rb:5
  [1m[36mUser Load (0.4ms)[0m  [1m[34mSELECT  "users".* FROM "users" WHERE "users"."id" = $1 LIMIT $2[0m  [["id", 1], ["LIMIT", 1]]
  ↳ app/controllers/users_controller.rb:22
  Rendering users/show.html.erb within layouts/application
  Rendered users/show.html.erb within layouts/application (0.5ms)
Completed 200 OK in 52ms (Views: 45.9ms | ActiveRecord: 0.8ms)


Started GET "/users/" for ::1 at 2020-01-13 15:31:47 -0500
Processing by UsersController#index as HTML
  [1m[36mUser Load (0.5ms)[0m  [1m[34mSELECT  "users".* FROM "users" WHERE "users"."session_token" = $1 LIMIT $2[0m  [["session_token", "kIgou4QM3UHr1UJ5UDrQSg"], ["LIMIT", 1]]
  ↳ app/controllers/application_controller.rb:5
  Rendering users/index.html.erb within layouts/application
  [1m[36mUser Load (0.4ms)[0m  [1m[34mSELECT "users".* FROM "users"[0m
  ↳ app/views/users/index.html.erb:4
  Rendered users/index.html.erb within layouts/application (2.6ms)
Completed 200 OK in 50ms (Views: 45.0ms | ActiveRecord: 0.9ms)


Started GET "/session/new" for 127.0.0.1 at 2020-01-13 15:31:48 -0500
Processing by SessionsController#new as HTML
  Rendering sessions/new.html.erb within layouts/application
  Rendered sessions/new.html.erb within layouts/application (0.9ms)
Completed 200 OK in 53ms (Views: 52.0ms | ActiveRecord: 0.0ms)


Started GET "/users/2" for ::1 at 2020-01-13 15:31:49 -0500
Processing by UsersController#show as HTML
  Parameters: {"id"=>"2"}
  [1m[36mUser Load (0.6ms)[0m  [1m[34mSELECT  "users".* FROM "users" WHERE "users"."session_token" = $1 LIMIT $2[0m  [["session_token", "kIgou4QM3UHr1UJ5UDrQSg"], ["LIMIT", 1]]
  ↳ app/controllers/application_controller.rb:5
  [1m[36mUser Load (0.4ms)[0m  [1m[34mSELECT  "users".* FROM "users" WHERE "users"."id" = $1 LIMIT $2[0m  [["id", 2], ["LIMIT", 1]]
  ↳ app/controllers/users_controller.rb:22
  Rendering users/show.html.erb within layouts/application
  Rendered users/show.html.erb within layouts/application (0.5ms)
Completed 200 OK in 53ms (Views: 45.9ms | ActiveRecord: 1.0ms)


Started POST "/session" for 127.0.0.1 at 2020-01-13 15:31:53 -0500
Processing by SessionsController#create as HTML
  Parameters: {"authenticity_token"=>"5wxwgfhVftuSW4efvslIvjl1vth3b7mnbUnhwoOjZnBrkZP/W+FEJ5gIU6PB0cBnxVReSpY54feNtWug+yH2vA==", "user"=>{"username"=>"NewLight", "password"=>"[FILTERED]"}}
  [1m[36mUser Load (0.4ms)[0m  [1m[34mSELECT  "users".* FROM "users" WHERE "users"."username" = $1 LIMIT $2[0m  [["username", "NewLight"], ["LIMIT", 1]]
  ↳ app/models/user.rb:21
  [1m[35m (0.2ms)[0m  [1m[35mBEGIN[0m
  ↳ app/models/user.rb:28
  [1m[36mUser Exists (0.4ms)[0m  [1m[34mSELECT  1 AS one FROM "users" WHERE "users"."username" = $1 AND "users"."id" != $2 LIMIT $3[0m  [["username", "NewLight"], ["id", 2], ["LIMIT", 1]]
  ↳ app/models/user.rb:28
  [1m[36mUser Update (0.6ms)[0m  [1m[33mUPDATE "users" SET "session_token" = $1, "updated_at" = $2 WHERE "users"."id" = $3[0m  [["session_token", "LcSuARDF_00h6uuWLKhIpw"], ["updated_at", "2020-01-13 20:31:54.059103"], ["id", 2]]
  ↳ app/models/user.rb:28
  [1m[35m (6.0ms)[0m  [1m[35mCOMMIT[0m
  ↳ app/models/user.rb:28
Redirected to http://localhost:3000/users/2
Completed 302 Found in 328ms (ActiveRecord: 7.5ms)


Started GET "/users/2" for 127.0.0.1 at 2020-01-13 15:31:54 -0500
Processing by UsersController#show as HTML
  Parameters: {"id"=>"2"}
  [1m[36mUser Load (0.3ms)[0m  [1m[34mSELECT  "users".* FROM "users" WHERE "users"."session_token" = $1 LIMIT $2[0m  [["session_token", "LcSuARDF_00h6uuWLKhIpw"], ["LIMIT", 1]]
  ↳ app/controllers/application_controller.rb:5
  [1m[36mUser Load (0.4ms)[0m  [1m[34mSELECT  "users".* FROM "users" WHERE "users"."id" = $1 LIMIT $2[0m  [["id", 2], ["LIMIT", 1]]
  ↳ app/controllers/users_controller.rb:22
  Rendering users/show.html.erb within layouts/application
  Rendered users/show.html.erb within layouts/application (0.5ms)
Completed 200 OK in 62ms (Views: 56.2ms | ActiveRecord: 0.6ms)


  [1m[35m (0.2ms)[0m  [1m[34mSELECT pg_try_advisory_lock(3324484780821388905)[0m
  ↳ bin/rails:9
  [1m[35m (1.1ms)[0m  [1m[34mSELECT "schema_migrations"."version" FROM "schema_migrations" ORDER BY "schema_migrations"."version" ASC[0m
  ↳ bin/rails:9
Migrating to CreateSubs (20200113203248)
  [1m[35m (0.2ms)[0m  [1m[35mBEGIN[0m
  ↳ bin/rails:9
  [1m[35m (75.3ms)[0m  [1m[35mCREATE TABLE "subs" ("id" bigserial primary key, "title" character varying NOT NULL, "description" text NOT NULL, "moderator_id" integer NOT NULL, "created_at" timestamp NOT NULL, "updated_at" timestamp NOT NULL)[0m
  ↳ db/migrate/20200113203248_create_subs.rb:3
  [1m[35m (4.9ms)[0m  [1m[35mCREATE  INDEX  "index_subs_on_moderator_id" ON "subs"  ("moderator_id")[0m
  ↳ db/migrate/20200113203248_create_subs.rb:10
  [1m[36mActiveRecord::SchemaMigration Create (0.6ms)[0m  [1m[32mINSERT INTO "schema_migrations" ("version") VALUES ($1) RETURNING "version"[0m  [["version", "20200113203248"]]
  ↳ bin/rails:9
  [1m[35m (12.7ms)[0m  [1m[35mCOMMIT[0m
  ↳ bin/rails:9
  [1m[36mActiveRecord::InternalMetadata Load (27.8ms)[0m  [1m[34mSELECT  "ar_internal_metadata".* FROM "ar_internal_metadata" WHERE "ar_internal_metadata"."key" = $1 LIMIT $2[0m  [["key", "environment"], ["LIMIT", 1]]
  ↳ bin/rails:9
  [1m[35m (0.3ms)[0m  [1m[35mBEGIN[0m
  ↳ bin/rails:9
  [1m[35m (0.3ms)[0m  [1m[35mCOMMIT[0m
  ↳ bin/rails:9
  [1m[35m (0.5ms)[0m  [1m[34mSELECT pg_advisory_unlock(3324484780821388905)[0m
  ↳ bin/rails:9
  [1m[35m (0.6ms)[0m  [1m[34mSELECT "schema_migrations"."version" FROM "schema_migrations" ORDER BY "schema_migrations"."version" ASC[0m
  ↳ bin/rails:9
  [1m[35m (1.3ms)[0m  [1m[34mSELECT "schema_migrations"."version" FROM "schema_migrations" ORDER BY "schema_migrations"."version" ASC[0m
  ↳ /home/neevgranite/.rbenv/versions/2.5.1/bin/annotate:23
  [1m[36mUser Load (44.9ms)[0m  [1m[34mSELECT "users".* FROM "users"[0m
  [1m[36mUser Load (1.3ms)[0m  [1m[34mSELECT  "users".* FROM "users" ORDER BY "users"."id" ASC LIMIT $1[0m  [["LIMIT", 1]]
  [1m[35m (4.9ms)[0m  [1m[35mBEGIN[0m
  [1m[36mUser Load (1.6ms)[0m  [1m[34mSELECT  "users".* FROM "users" WHERE "users"."id" = $1 LIMIT $2[0m  [["id", 1], ["LIMIT", 1]]
  [1m[36mSub Create (25.3ms)[0m  [1m[32mINSERT INTO "subs" ("title", "description", "moderator_id", "created_at", "updated_at") VALUES ($1, $2, $3, $4, $5) RETURNING "id"[0m  [["title", "new"], ["description", "whatever"], ["moderator_id", 1], ["created_at", "2020-01-13 21:28:50.006200"], ["updated_at", "2020-01-13 21:28:50.006200"]]
  [1m[35m (11.6ms)[0m  [1m[35mCOMMIT[0m
  [1m[35m (0.2ms)[0m  [1m[35mBEGIN[0m
  [1m[36mSub Update (6.6ms)[0m  [1m[33mUPDATE "subs" SET "title" = $1, "updated_at" = $2 WHERE "subs"."id" = $3[0m  [["title", "something else"], ["updated_at", "2020-01-13 21:29:10.261837"], ["id", 1]]
  [1m[35m (2.3ms)[0m  [1m[35mCOMMIT[0m
  [1m[35m (1.8ms)[0m  [1m[34mSELECT pg_try_advisory_lock(3324484780821388905)[0m
  ↳ bin/rails:9
  [1m[35m (22.1ms)[0m  [1m[34mSELECT "schema_migrations"."version" FROM "schema_migrations" ORDER BY "schema_migrations"."version" ASC[0m
  ↳ bin/rails:9
Migrating to CreatePosts (20200113220300)
  [1m[35m (0.3ms)[0m  [1m[35mBEGIN[0m
  ↳ bin/rails:9
  [1m[35m (77.3ms)[0m  [1m[35mCREATE TABLE "posts" ("id" bigserial primary key, "title" character varying NOT NULL, "url" character varying, "content" text, "sub_id" integer NOT NULL, "author_id" integer NOT NULL, "created_at" timestamp NOT NULL, "updated_at" timestamp NOT NULL)[0m
  ↳ db/migrate/20200113220300_create_posts.rb:3
  [1m[35m (5.1ms)[0m  [1m[35mCREATE  INDEX  "index_posts_on_sub_id" ON "posts"  ("sub_id")[0m
  ↳ db/migrate/20200113220300_create_posts.rb:11
  [1m[35m (7.3ms)[0m  [1m[35mCREATE  INDEX  "index_posts_on_author_id" ON "posts"  ("author_id")[0m
  ↳ db/migrate/20200113220300_create_posts.rb:12
  [1m[36mActiveRecord::SchemaMigration Create (0.6ms)[0m  [1m[32mINSERT INTO "schema_migrations" ("version") VALUES ($1) RETURNING "version"[0m  [["version", "20200113220300"]]
  ↳ bin/rails:9
  [1m[35m (14.0ms)[0m  [1m[35mCOMMIT[0m
  ↳ bin/rails:9
  [1m[36mActiveRecord::InternalMetadata Load (14.7ms)[0m  [1m[34mSELECT  "ar_internal_metadata".* FROM "ar_internal_metadata" WHERE "ar_internal_metadata"."key" = $1 LIMIT $2[0m  [["key", "environment"], ["LIMIT", 1]]
  ↳ bin/rails:9
  [1m[35m (0.2ms)[0m  [1m[35mBEGIN[0m
  ↳ bin/rails:9
  [1m[35m (0.4ms)[0m  [1m[35mCOMMIT[0m
  ↳ bin/rails:9
  [1m[35m (0.8ms)[0m  [1m[34mSELECT pg_advisory_unlock(3324484780821388905)[0m
  ↳ bin/rails:9
  [1m[35m (0.6ms)[0m  [1m[34mSELECT "schema_migrations"."version" FROM "schema_migrations" ORDER BY "schema_migrations"."version" ASC[0m
  ↳ bin/rails:9
  [1m[35m (2.3ms)[0m  [1m[34mSELECT "schema_migrations"."version" FROM "schema_migrations" ORDER BY "schema_migrations"."version" ASC[0m
  ↳ /home/neevgranite/.rbenv/versions/2.5.1/bin/annotate:23
